<?xml version="1.0" encoding="UTF-8"?>
<!-- Generated by org.testng.reporters.JUnitXMLReporter -->
<testsuite ignored="0" hostname="user1" failures="0" tests="4" name="Default test" time="6.195" errors="0" timestamp="2025-04-14T12:52:14 IST">
  <testcase classname="testScripts.ArticleTest" name="validLoginTest" time="0.415"/>
  <testcase classname="testScripts.ArticleTest" name="CreateNewArticle" time="1.878"/>
  <testcase classname="testScripts.ArticleTest" name="UpdateArticle" time="2.04"/>
  <testcase classname="testScripts.ArticleTest" name="delArticle" time="0.708"/>
</testsuite> <!-- Default test -->
