<?xml version="1.0" encoding="UTF-8"?>
<!-- Generated by org.testng.reporters.JUnitXMLReporter -->
<testsuite ignored="0" hostname="user1" failures="0" tests="4" name="Default test" time="5.166" errors="0" timestamp="2025-04-10T10:20:53 IST">
  <testcase classname="testScripts.ConduitArticles" name="validLoginTest" time="0.325"/>
  <testcase classname="testScripts.ConduitArticles" name="CreateNewArticle" time="1.82"/>
  <testcase classname="testScripts.ConduitArticles" name="UpdateArticle" time="1.54"/>
  <testcase classname="testScripts.ConduitArticles" name="delArticle" time="0.114"/>
</testsuite> <!-- Default test -->
