<?xml version="1.0" encoding="UTF-8"?>
<testng-results ignored="0" total="4" passed="4" failed="0" skipped="0">
  <reporter-output>
  </reporter-output>
  <suite started-at="2025-04-10T10:20:48 IST" name="Default suite" finished-at="2025-04-10T10:20:53 IST" duration-ms="5166">
    <groups>
    </groups>
    <test started-at="2025-04-10T10:20:48 IST" name="Default test" finished-at="2025-04-10T10:20:53 IST" duration-ms="5166">
      <class name="testScripts.ConduitArticles">
        <test-method is-config="true" signature="setup()[pri:0, instance:testScripts.ConduitArticles@4b21844c]" started-at="2025-04-10T10:20:48 IST" name="setup" finished-at="2025-04-10T10:20:49 IST" duration-ms="1057" status="PASS">
          <reporter-output>
          </reporter-output>
        </test-method> <!-- setup -->
        <test-method signature="validLoginTest()[pri:0, instance:testScripts.ConduitArticles@4b21844c]" started-at="2025-04-10T10:20:49 IST" name="validLoginTest" finished-at="2025-04-10T10:20:50 IST" duration-ms="325" status="PASS">
          <reporter-output>
          </reporter-output>
        </test-method> <!-- validLoginTest -->
        <test-method signature="CreateNewArticle()[pri:1, instance:testScripts.ConduitArticles@4b21844c]" started-at="2025-04-10T10:20:50 IST" name="CreateNewArticle" finished-at="2025-04-10T10:20:52 IST" duration-ms="1820" status="PASS">
          <reporter-output>
          </reporter-output>
        </test-method> <!-- CreateNewArticle -->
        <test-method signature="UpdateArticle()[pri:2, instance:testScripts.ConduitArticles@4b21844c]" started-at="2025-04-10T10:20:52 IST" name="UpdateArticle" finished-at="2025-04-10T10:20:53 IST" duration-ms="1540" status="PASS">
          <reporter-output>
          </reporter-output>
        </test-method> <!-- UpdateArticle -->
        <test-method signature="delArticle()[pri:3, instance:testScripts.ConduitArticles@4b21844c]" started-at="2025-04-10T10:20:53 IST" name="delArticle" finished-at="2025-04-10T10:20:53 IST" duration-ms="114" status="PASS">
          <reporter-output>
          </reporter-output>
        </test-method> <!-- delArticle -->
        <test-method is-config="true" signature="teardown()[pri:0, instance:testScripts.ConduitArticles@4b21844c]" started-at="2025-04-10T10:20:53 IST" name="teardown" finished-at="2025-04-10T10:20:53 IST" duration-ms="192" status="PASS">
          <reporter-output>
          </reporter-output>
        </test-method> <!-- teardown -->
      </class> <!-- testScripts.ConduitArticles -->
    </test> <!-- Default test -->
  </suite> <!-- Default suite -->
</testng-results>
